app/build/intermediates/manifest_merge_blame_file/debug/manifest-merger-blame-debug-report.txt
1<?xml version="1.0" encoding="utf-8"?>
2<manifest xmlns:android="http://schemas.android.com/apk/res/android"
3    package="org.havenapp.neruppu"
4    android:versionCode="1"
5    android:versionName="1.0" >
6
7    <uses-sdk
8        android:minSdkVersion="26"
9        android:targetSdkVersion="34" />
10
11    <uses-permission android:name="android.permission.CAMERA" />
11-->src\main\AndroidManifest.xml:4:5-65
11-->src\main\AndroidManifest.xml:4:22-62
12    <uses-permission android:name="android.permission.RECORD_AUDIO" />
12-->src\main\AndroidManifest.xml:5:5-71
12-->src\main\AndroidManifest.xml:5:22-68
13    <uses-permission android:name="android.permission.POST_NOTIFICATIONS" />
13-->src\main\AndroidManifest.xml:6:5-77
13-->src\main\AndroidManifest.xml:6:22-74
14    <uses-permission android:name="android.permission.FOREGROUND_SERVICE" />
14-->src\main\AndroidManifest.xml:7:5-77
14-->src\main\AndroidManifest.xml:7:22-74
15    <uses-permission android:name="android.permission.FOREGROUND_SERVICE_MICROPHONE" />
15-->src\main\AndroidManifest.xml:8:5-88
15-->src\main\AndroidManifest.xml:8:22-85
16    <uses-permission android:name="android.permission.FOREGROUND_SERVICE_CAMERA" />
16-->src\main\AndroidManifest.xml:9:5-84
16-->src\main\AndroidManifest.xml:9:22-81
17
18    <queries>
18-->[androidx.camera:camera-extensions:1.3.1] AndroidManifest.xml:22:5-26:15
19        <intent>
19-->[androidx.camera:camera-extensions:1.3.1] AndroidManifest.xml:23:9-25:18
20            <action android:name="androidx.camera.extensions.action.VENDOR_ACTION" />
20-->[androidx.camera:camera-extensions:1.3.1] AndroidManifest.xml:24:13-86
20-->[androidx.camera:camera-extensions:1.3.1] AndroidManifest.xml:24:21-83
21        </intent>
22    </queries>
23
24    <permission
24-->[androidx.core:core:1.12.0] AndroidManifest.xml:22:5-24:47
25        android:name="org.havenapp.neruppu.DYNAMIC_RECEIVER_NOT_EXPORTED_PERMISSION"
25-->[androidx.core:core:1.12.0] AndroidManifest.xml:23:9-81
26        android:protectionLevel="signature" />
26-->[androidx.core:core:1.12.0] AndroidManifest.xml:24:9-44
27
28    <uses-permission android:name="org.havenapp.neruppu.DYNAMIC_RECEIVER_NOT_EXPORTED_PERMISSION" />
28-->[androidx.core:core:1.12.0] AndroidManifest.xml:26:5-97
28-->[androidx.core:core:1.12.0] AndroidManifest.xml:26:22-94
29
30    <application
30-->src\main\AndroidManifest.xml:11:5-42:19
31        android:name="org.havenapp.neruppu.NeruppuApp"
31-->src\main\AndroidManifest.xml:12:9-35
32        android:allowBackup="true"
32-->src\main\AndroidManifest.xml:13:9-35
33        android:appComponentFactory="androidx.core.app.CoreComponentFactory"
33-->[androidx.core:core:1.12.0] AndroidManifest.xml:28:18-86
34        android:debuggable="true"
35        android:extractNativeLibs="false"
36        android:label="@string/app_name"
36-->src\main\AndroidManifest.xml:14:9-41
37        android:supportsRtl="true"
37-->src\main\AndroidManifest.xml:15:9-35
38        android:testOnly="true"
39        android:theme="@style/Theme.Neruppu" >
39-->src\main\AndroidManifest.xml:16:9-45
40        <activity
40-->src\main\AndroidManifest.xml:17:9-25:20
41            android:name="org.havenapp.neruppu.MainActivity"
41-->src\main\AndroidManifest.xml:18:13-41
42            android:exported="true"
42-->src\main\AndroidManifest.xml:19:13-36
43            android:theme="@style/Theme.Neruppu" >
43-->src\main\AndroidManifest.xml:20:13-49
44            <intent-filter>
44-->src\main\AndroidManifest.xml:21:13-24:29
45                <action android:name="android.intent.action.MAIN" />
45-->src\main\AndroidManifest.xml:22:17-69
45-->src\main\AndroidManifest.xml:22:25-66
46
47                <category android:name="android.intent.category.LAUNCHER" />
47-->src\main\AndroidManifest.xml:23:17-77
47-->src\main\AndroidManifest.xml:23:27-74
48            </intent-filter>
49        </activity>
50
51        <service
51-->src\main\AndroidManifest.xml:27:9-31:65
52            android:name="org.havenapp.neruppu.service.MonitoringService"
52-->src\main\AndroidManifest.xml:28:13-54
53            android:enabled="true"
53-->src\main\AndroidManifest.xml:29:13-35
54            android:exported="false"
54-->src\main\AndroidManifest.xml:30:13-37
55            android:foregroundServiceType="microphone|camera" />
55-->src\main\AndroidManifest.xml:31:13-62
56
57        <provider
58            android:name="androidx.core.content.FileProvider"
58-->src\main\AndroidManifest.xml:34:13-62
59            android:authorities="org.havenapp.neruppu.fileprovider"
59-->src\main\AndroidManifest.xml:35:13-64
60            android:exported="false"
60-->src\main\AndroidManifest.xml:36:13-37
61            android:grantUriPermissions="true" >
61-->src\main\AndroidManifest.xml:37:13-47
62            <meta-data
62-->src\main\AndroidManifest.xml:38:13-40:54
63                android:name="android.support.FILE_PROVIDER_PATHS"
63-->src\main\AndroidManifest.xml:39:17-67
64                android:resource="@xml/file_paths" />
64-->src\main\AndroidManifest.xml:40:17-51
65        </provider>
66
67        <uses-library
67-->[androidx.camera:camera-extensions:1.3.1] AndroidManifest.xml:29:9-31:40
68            android:name="androidx.camera.extensions.impl"
68-->[androidx.camera:camera-extensions:1.3.1] AndroidManifest.xml:30:13-59
69            android:required="false" />
69-->[androidx.camera:camera-extensions:1.3.1] AndroidManifest.xml:31:13-37
70
71        <service
71-->[androidx.camera:camera-camera2:1.3.1] AndroidManifest.xml:24:9-33:19
72            android:name="androidx.camera.core.impl.MetadataHolderService"
72-->[androidx.camera:camera-camera2:1.3.1] AndroidManifest.xml:25:13-75
73            android:enabled="false"
73-->[androidx.camera:camera-camera2:1.3.1] AndroidManifest.xml:26:13-36
74            android:exported="false" >
74-->[androidx.camera:camera-camera2:1.3.1] AndroidManifest.xml:27:13-37
75            <meta-data
75-->[androidx.camera:camera-camera2:1.3.1] AndroidManifest.xml:30:13-32:89
76                android:name="androidx.camera.core.impl.MetadataHolderService.DEFAULT_CONFIG_PROVIDER"
76-->[androidx.camera:camera-camera2:1.3.1] AndroidManifest.xml:31:17-103
77                android:value="androidx.camera.camera2.Camera2Config$DefaultProvider" />
77-->[androidx.camera:camera-camera2:1.3.1] AndroidManifest.xml:32:17-86
78        </service>
79
80        <activity
80-->[androidx.compose.ui:ui-test-manifest:1.6.1] AndroidManifest.xml:23:9-25:39
81            android:name="androidx.activity.ComponentActivity"
81-->[androidx.compose.ui:ui-test-manifest:1.6.1] AndroidManifest.xml:24:13-63
82            android:exported="true" />
82-->[androidx.compose.ui:ui-test-manifest:1.6.1] AndroidManifest.xml:25:13-36
83        <activity
83-->[androidx.compose.ui:ui-tooling-android:1.6.1] AndroidManifest.xml:23:9-25:39
84            android:name="androidx.compose.ui.tooling.PreviewActivity"
84-->[androidx.compose.ui:ui-tooling-android:1.6.1] AndroidManifest.xml:24:13-71
85            android:exported="true" />
85-->[androidx.compose.ui:ui-tooling-android:1.6.1] AndroidManifest.xml:25:13-36
86
87        <provider
87-->[androidx.emoji2:emoji2:1.3.0] AndroidManifest.xml:24:9-32:20
88            android:name="androidx.startup.InitializationProvider"
88-->[androidx.emoji2:emoji2:1.3.0] AndroidManifest.xml:25:13-67
89            android:authorities="org.havenapp.neruppu.androidx-startup"
89-->[androidx.emoji2:emoji2:1.3.0] AndroidManifest.xml:26:13-68
90            android:exported="false" >
90-->[androidx.emoji2:emoji2:1.3.0] AndroidManifest.xml:27:13-37
91            <meta-data
91-->[androidx.emoji2:emoji2:1.3.0] AndroidManifest.xml:29:13-31:52
92                android:name="androidx.emoji2.text.EmojiCompatInitializer"
92-->[androidx.emoji2:emoji2:1.3.0] AndroidManifest.xml:30:17-75
93                android:value="androidx.startup" />
93-->[androidx.emoji2:emoji2:1.3.0] AndroidManifest.xml:31:17-49
94            <meta-data
94-->[androidx.lifecycle:lifecycle-process:2.7.0] AndroidManifest.xml:29:13-31:52
95                android:name="androidx.lifecycle.ProcessLifecycleInitializer"
95-->[androidx.lifecycle:lifecycle-process:2.7.0] AndroidManifest.xml:30:17-78
96                android:value="androidx.startup" />
96-->[androidx.lifecycle:lifecycle-process:2.7.0] AndroidManifest.xml:31:17-49
97            <meta-data
97-->[androidx.profileinstaller:profileinstaller:1.3.1] AndroidManifest.xml:29:13-31:52
98                android:name="androidx.profileinstaller.ProfileInstallerInitializer"
98-->[androidx.profileinstaller:profileinstaller:1.3.1] AndroidManifest.xml:30:17-85
99                android:value="androidx.startup" />
99-->[androidx.profileinstaller:profileinstaller:1.3.1] AndroidManifest.xml:31:17-49
100        </provider>
101
102        <service
102-->[androidx.room:room-runtime:2.6.1] AndroidManifest.xml:24:9-28:63
103            android:name="androidx.room.MultiInstanceInvalidationService"
103-->[androidx.room:room-runtime:2.6.1] AndroidManifest.xml:25:13-74
104            android:directBootAware="true"
104-->[androidx.room:room-runtime:2.6.1] AndroidManifest.xml:26:13-43
105            android:exported="false" />
105-->[androidx.room:room-runtime:2.6.1] AndroidManifest.xml:27:13-37
106
107        <receiver
107-->[androidx.profileinstaller:profileinstaller:1.3.1] AndroidManifest.xml:34:9-52:20
108            android:name="androidx.profileinstaller.ProfileInstallReceiver"
108-->[androidx.profileinstaller:profileinstaller:1.3.1] AndroidManifest.xml:35:13-76
109            android:directBootAware="false"
109-->[androidx.profileinstaller:profileinstaller:1.3.1] AndroidManifest.xml:36:13-44
110            android:enabled="true"
110-->[androidx.profileinstaller:profileinstaller:1.3.1] AndroidManifest.xml:37:13-35
111            android:exported="true"
111-->[androidx.profileinstaller:profileinstaller:1.3.1] AndroidManifest.xml:38:13-36
112            android:permission="android.permission.DUMP" >
112-->[androidx.profileinstaller:profileinstaller:1.3.1] AndroidManifest.xml:39:13-57
113            <intent-filter>
113-->[androidx.profileinstaller:profileinstaller:1.3.1] AndroidManifest.xml:40:13-42:29
114                <action android:name="androidx.profileinstaller.action.INSTALL_PROFILE" />
114-->[androidx.profileinstaller:profileinstaller:1.3.1] AndroidManifest.xml:41:17-91
114-->[androidx.profileinstaller:profileinstaller:1.3.1] AndroidManifest.xml:41:25-88
115            </intent-filter>
116            <intent-filter>
116-->[androidx.profileinstaller:profileinstaller:1.3.1] AndroidManifest.xml:43:13-45:29
117                <action android:name="androidx.profileinstaller.action.SKIP_FILE" />
117-->[androidx.profileinstaller:profileinstaller:1.3.1] AndroidManifest.xml:44:17-85
117-->[androidx.profileinstaller:profileinstaller:1.3.1] AndroidManifest.xml:44:25-82
118            </intent-filter>
119            <intent-filter>
119-->[androidx.profileinstaller:profileinstaller:1.3.1] AndroidManifest.xml:46:13-48:29
120                <action android:name="androidx.profileinstaller.action.SAVE_PROFILE" />
120-->[androidx.profileinstaller:profileinstaller:1.3.1] AndroidManifest.xml:47:17-88
120-->[androidx.profileinstaller:profileinstaller:1.3.1] AndroidManifest.xml:47:25-85
121            </intent-filter>
122            <intent-filter>
122-->[androidx.profileinstaller:profileinstaller:1.3.1] AndroidManifest.xml:49:13-51:29
123                <action android:name="androidx.profileinstaller.action.BENCHMARK_OPERATION" />
123-->[androidx.profileinstaller:profileinstaller:1.3.1] AndroidManifest.xml:50:17-95
123-->[androidx.profileinstaller:profileinstaller:1.3.1] AndroidManifest.xml:50:25-92
124            </intent-filter>
125        </receiver>
126    </application>
127
128</manifest>